  HAT.cpp
C:\Users\Antl_M\Documents\GitHub\2_semester_Labs\Lab_2_2020_Malibroda\Lab_2b_2020_Malibroda\HAT.cpp(287,28): warning C4018: '<=': signed/unsigned mismatch
C:\Users\Antl_M\Documents\GitHub\2_semester_Labs\Lab_2_2020_Malibroda\Lab_2b_2020_Malibroda\HAT.cpp(297,25): warning C4018: '<': signed/unsigned mismatch
C:\Users\Antl_M\Documents\GitHub\2_semester_Labs\Lab_2_2020_Malibroda\Lab_2b_2020_Malibroda\HAT.cpp(304,25): warning C4018: '<': signed/unsigned mismatch
C:\Users\Antl_M\Documents\GitHub\2_semester_Labs\Lab_2_2020_Malibroda\Lab_2b_2020_Malibroda\HAT.cpp(385,32): warning C4018: '<=': signed/unsigned mismatch
C:\Users\Antl_M\Documents\GitHub\2_semester_Labs\Lab_2_2020_Malibroda\Lab_2b_2020_Malibroda\HAT.cpp(448,33): warning C4018: '<=': signed/unsigned mismatch
C:\Users\Antl_M\Documents\GitHub\2_semester_Labs\Lab_2_2020_Malibroda\Lab_2b_2020_Malibroda\HAT.cpp(466,28): warning C4018: '<=': signed/unsigned mismatch
C:\Users\Antl_M\Documents\GitHub\2_semester_Labs\Lab_2_2020_Malibroda\Lab_2b_2020_Malibroda\HAT.cpp(584,28): warning C4018: '<': signed/unsigned mismatch
C:\Users\Antl_M\Documents\GitHub\2_semester_Labs\Lab_2_2020_Malibroda\Lab_2b_2020_Malibroda\HAT.cpp(746,28): warning C4018: '<': signed/unsigned mismatch
C:\Users\Antl_M\Documents\GitHub\2_semester_Labs\Lab_2_2020_Malibroda\Lab_2b_2020_Malibroda\HAT.cpp(803,28): warning C4018: '<': signed/unsigned mismatch
C:\Users\Antl_M\Documents\GitHub\2_semester_Labs\Lab_2_2020_Malibroda\Lab_2b_2020_Malibroda\HAT.cpp(900,84): warning C4244: '=': conversion from '_Rep' to 'int', possible loss of data
          with
          [
              _Rep=__int64
          ]
C:\Users\Antl_M\Documents\GitHub\2_semester_Labs\Lab_2_2020_Malibroda\Lab_2b_2020_Malibroda\HAT.cpp(934,84): warning C4244: '=': conversion from '_Rep' to 'int', possible loss of data
          with
          [
              _Rep=__int64
          ]
C:\Users\Antl_M\Documents\GitHub\2_semester_Labs\Lab_2_2020_Malibroda\Lab_2b_2020_Malibroda\HAT.cpp(968,84): warning C4244: '=': conversion from '_Rep' to 'int', possible loss of data
          with
          [
              _Rep=__int64
          ]
C:\Users\Antl_M\Documents\GitHub\2_semester_Labs\Lab_2_2020_Malibroda\Lab_2b_2020_Malibroda\HAT.cpp(1002,84): warning C4244: '=': conversion from '_Rep' to 'int', possible loss of data
          with
          [
              _Rep=__int64
          ]
C:\Users\Antl_M\Documents\GitHub\2_semester_Labs\Lab_2_2020_Malibroda\Lab_2b_2020_Malibroda\HAT.cpp(1036,84): warning C4244: '=': conversion from '_Rep' to 'int', possible loss of data
          with
          [
              _Rep=__int64
          ]
C:\Users\Antl_M\Documents\GitHub\2_semester_Labs\Lab_2_2020_Malibroda\Lab_2b_2020_Malibroda\HAT.cpp(1075,23): warning C4018: '<': signed/unsigned mismatch
C:\Users\Antl_M\Documents\GitHub\2_semester_Labs\Lab_2_2020_Malibroda\Lab_2b_2020_Malibroda\HAT.cpp(1079,23): warning C4018: '<': signed/unsigned mismatch
C:\Users\Antl_M\Documents\GitHub\2_semester_Labs\Lab_2_2020_Malibroda\Lab_2b_2020_Malibroda\HAT.cpp(1083,23): warning C4018: '<': signed/unsigned mismatch
C:\Users\Antl_M\Documents\GitHub\2_semester_Labs\Lab_2_2020_Malibroda\Lab_2b_2020_Malibroda\HAT.cpp(1087,23): warning C4018: '<': signed/unsigned mismatch
C:\Users\Antl_M\Documents\GitHub\2_semester_Labs\Lab_2_2020_Malibroda\Lab_2b_2020_Malibroda\HAT.cpp(1098,23): warning C4018: '<': signed/unsigned mismatch
C:\Users\Antl_M\Documents\GitHub\2_semester_Labs\Lab_2_2020_Malibroda\Lab_2b_2020_Malibroda\HAT.cpp(1104,23): warning C4018: '<': signed/unsigned mismatch
C:\Users\Antl_M\Documents\GitHub\2_semester_Labs\Lab_2_2020_Malibroda\Lab_2b_2020_Malibroda\HAT.cpp(1108,23): warning C4018: '<': signed/unsigned mismatch
C:\Users\Antl_M\Documents\GitHub\2_semester_Labs\Lab_2_2020_Malibroda\Lab_2b_2020_Malibroda\HAT.cpp(1112,23): warning C4018: '<': signed/unsigned mismatch
C:\Users\Antl_M\Documents\GitHub\2_semester_Labs\Lab_2_2020_Malibroda\Lab_2b_2020_Malibroda\HAT.cpp(1124,23): warning C4018: '<': signed/unsigned mismatch
C:\Users\Antl_M\Documents\GitHub\2_semester_Labs\Lab_2_2020_Malibroda\Lab_2b_2020_Malibroda\HAT.cpp(1130,23): warning C4018: '<': signed/unsigned mismatch
C:\Users\Antl_M\Documents\GitHub\2_semester_Labs\Lab_2_2020_Malibroda\Lab_2b_2020_Malibroda\HAT.cpp(1134,23): warning C4018: '<': signed/unsigned mismatch
C:\Users\Antl_M\Documents\GitHub\2_semester_Labs\Lab_2_2020_Malibroda\Lab_2b_2020_Malibroda\HAT.cpp(1138,23): warning C4018: '<': signed/unsigned mismatch
C:\Users\Antl_M\Documents\GitHub\2_semester_Labs\Lab_2_2020_Malibroda\Lab_2b_2020_Malibroda\HAT.cpp(1149,23): warning C4018: '<': signed/unsigned mismatch
C:\Users\Antl_M\Documents\GitHub\2_semester_Labs\Lab_2_2020_Malibroda\Lab_2b_2020_Malibroda\HAT.cpp(1153,23): warning C4018: '<': signed/unsigned mismatch
C:\Users\Antl_M\Documents\GitHub\2_semester_Labs\Lab_2_2020_Malibroda\Lab_2b_2020_Malibroda\HAT.cpp(1157,23): warning C4018: '<': signed/unsigned mismatch
C:\Users\Antl_M\Documents\GitHub\2_semester_Labs\Lab_2_2020_Malibroda\Lab_2b_2020_Malibroda\HAT.cpp(1161,23): warning C4018: '<': signed/unsigned mismatch
C:\Users\Antl_M\Documents\GitHub\2_semester_Labs\Lab_2_2020_Malibroda\Lab_2b_2020_Malibroda\HAT.cpp(1163,9): warning C4834: discarding return value of function with 'nodiscard' attribute
C:\Users\Antl_M\Documents\GitHub\2_semester_Labs\Lab_2_2020_Malibroda\Lab_2b_2020_Malibroda\HAT.cpp(1171,23): warning C4018: '<': signed/unsigned mismatch
C:\Users\Antl_M\Documents\GitHub\2_semester_Labs\Lab_2_2020_Malibroda\Lab_2b_2020_Malibroda\HAT.cpp(1175,23): warning C4018: '<': signed/unsigned mismatch
C:\Users\Antl_M\Documents\GitHub\2_semester_Labs\Lab_2_2020_Malibroda\Lab_2b_2020_Malibroda\HAT.cpp(1179,23): warning C4018: '<': signed/unsigned mismatch
C:\Users\Antl_M\Documents\GitHub\2_semester_Labs\Lab_2_2020_Malibroda\Lab_2b_2020_Malibroda\HAT.cpp(1183,23): warning C4018: '<': signed/unsigned mismatch
C:\Users\Antl_M\Documents\GitHub\2_semester_Labs\Lab_2_2020_Malibroda\Lab_2b_2020_Malibroda\HAT.cpp(1185,9): warning C4834: discarding return value of function with 'nodiscard' attribute
C:\Users\Antl_M\Documents\GitHub\2_semester_Labs\Lab_2_2020_Malibroda\Lab_2b_2020_Malibroda\HAT.h(108,17): warning C4018: '>': signed/unsigned mismatch
C:\Users\Antl_M\Documents\GitHub\2_semester_Labs\Lab_2_2020_Malibroda\Lab_2b_2020_Malibroda\HAT.h(102): message : while compiling class template member function 'void HAT<int>::insert(T,size_t)'
          with
          [
              T=int
          ]
C:\Users\Antl_M\Documents\GitHub\2_semester_Labs\Lab_2_2020_Malibroda\Lab_2b_2020_Malibroda\HAT.cpp(1081): message : see reference to function template instantiation 'void HAT<int>::insert(T,size_t)' being compiled
          with
          [
              T=int
          ]
C:\Users\Antl_M\Documents\GitHub\2_semester_Labs\Lab_2_2020_Malibroda\Lab_2b_2020_Malibroda\HAT.cpp(1074): message : see reference to class template instantiation 'HAT<int>' being compiled
C:\Program Files (x86)\Microsoft Visual Studio\2019\Community\VC\Tools\MSVC\14.24.28314\include\chrono(632): message : see reference to class template instantiation 'std::chrono::duration<double,std::ratio<1,1>>' being compiled
C:\Program Files (x86)\Microsoft Visual Studio\2019\Community\VC\Tools\MSVC\14.24.28314\include\chrono(178): message : see reference to class template instantiation 'std::chrono::duration<__int64,std::nano>' being compiled
C:\Program Files (x86)\Microsoft Visual Studio\2019\Community\VC\Tools\MSVC\14.24.28314\include\chrono(610): message : see reference to class template instantiation 'std::chrono::time_point<std::chrono::steady_clock,std::chrono::nanoseconds>' being compiled
C:\Users\Antl_M\Documents\GitHub\2_semester_Labs\Lab_2_2020_Malibroda\Lab_2b_2020_Malibroda\HAT.h(81,17): warning C4018: '>': signed/unsigned mismatch
C:\Users\Antl_M\Documents\GitHub\2_semester_Labs\Lab_2_2020_Malibroda\Lab_2b_2020_Malibroda\HAT.h(76): message : while compiling class template member function 'void HAT<int>::push_back(T)'
          with
          [
              T=int
          ]
C:\Users\Antl_M\Documents\GitHub\2_semester_Labs\Lab_2_2020_Malibroda\Lab_2b_2020_Malibroda\HAT.cpp(1077): message : see reference to function template instantiation 'void HAT<int>::push_back(T)' being compiled
          with
          [
              T=int
          ]
C:\Users\Antl_M\Documents\GitHub\2_semester_Labs\Lab_2_2020_Malibroda\Lab_2b_2020_Malibroda\HAT.h(68,2): warning C4018: '<': signed/unsigned mismatch
C:\Users\Antl_M\Documents\GitHub\2_semester_Labs\Lab_2_2020_Malibroda\Lab_2b_2020_Malibroda\HAT.h(67): message : while compiling class template member function 'HAT<int>::~HAT(void)'
C:\Users\Antl_M\Documents\GitHub\2_semester_Labs\Lab_2_2020_Malibroda\Lab_2b_2020_Malibroda\HAT.cpp(1074): message : see reference to function template instantiation 'HAT<int>::~HAT(void)' being compiled
C:\Users\Antl_M\Documents\GitHub\2_semester_Labs\Lab_2_2020_Malibroda\Lab_2b_2020_Malibroda\HAT.h(48,11): warning C4018: '>': signed/unsigned mismatch
C:\Users\Antl_M\Documents\GitHub\2_semester_Labs\Lab_2_2020_Malibroda\Lab_2b_2020_Malibroda\HAT.h(45): message : while compiling class template member function 'T &HAT<T>::operator [](int)'
          with
          [
              T=int
          ]
C:\Users\Antl_M\Documents\GitHub\2_semester_Labs\Lab_2_2020_Malibroda\Lab_2b_2020_Malibroda\HAT.cpp(1089): message : see reference to function template instantiation 'T &HAT<T>::operator [](int)' being compiled
          with
          [
              T=int
          ]
C:\Users\Antl_M\Documents\GitHub\2_semester_Labs\Lab_2_2020_Malibroda\Lab_2b_2020_Malibroda\HAT.h(185,14): warning C4018: '<': signed/unsigned mismatch
C:\Users\Antl_M\Documents\GitHub\2_semester_Labs\Lab_2_2020_Malibroda\Lab_2b_2020_Malibroda\HAT.h(166): message : while compiling class template member function 'int *HAT<tm>::find_all(T)'
          with
          [
              T=tm
          ]
C:\Users\Antl_M\Documents\GitHub\2_semester_Labs\Lab_2_2020_Malibroda\Lab_2b_2020_Malibroda\HAT.cpp(546): message : see reference to function template instantiation 'int *HAT<tm>::find_all(T)' being compiled
          with
          [
              T=tm
          ]
C:\Users\Antl_M\Documents\GitHub\2_semester_Labs\Lab_2_2020_Malibroda\Lab_2b_2020_Malibroda\HAT.cpp(28): message : see reference to class template instantiation 'HAT<tm>' being compiled
C:\Users\Antl_M\Documents\GitHub\2_semester_Labs\Lab_2_2020_Malibroda\Lab_2b_2020_Malibroda\HAT.h(22,26): warning C4244: 'initializing': conversion from 'double' to 'unsigned int', possible loss of data
C:\Users\Antl_M\Documents\GitHub\2_semester_Labs\Lab_2_2020_Malibroda\Lab_2b_2020_Malibroda\HAT.h(20): message : while compiling class template member function 'void HAT<int>::increase(void)'
C:\Users\Antl_M\Documents\GitHub\2_semester_Labs\Lab_2_2020_Malibroda\Lab_2b_2020_Malibroda\HAT.h(106): message : see reference to function template instantiation 'void HAT<int>::increase(void)' being compiled
C:\Users\Antl_M\Documents\GitHub\2_semester_Labs\Lab_2_2020_Malibroda\Lab_2b_2020_Malibroda\HAT.h(33,2): warning C4018: '<': signed/unsigned mismatch
  Lab_2b_2020_Malibroda.cpp
  Generating Code...
C:\Users\Antl_M\Documents\GitHub\2_semester_Labs\Lab_2_2020_Malibroda\Lab_2b_2020_Malibroda\HAT.h(201): warning C4172: returning address of local variable or temporary: res
  Lab_2b_2020_Malibroda.vcxproj -> C:\Users\Antl_M\Documents\GitHub\2_semester_Labs\Lab_2_2020_Malibroda\Debug\Lab_2b_2020_Malibroda.exe
