  Lab_3a_Malibroda_2020.cpp
C:\Users\Antl_M\Documents\GitHub\2_semester_Labs\Lab_3_Malibroda_2020\Lab_3a_Malibroda_2020\Lab_3a_Malibroda_2020.cpp(14,12): warning C4244: 'argument': conversion from 'time_t' to 'unsigned int', possible loss of data
  3a_menu.cpp
C:\Users\Antl_M\Documents\GitHub\2_semester_Labs\Lab_3_Malibroda_2020\Lab_3a_Malibroda_2020\3a_menu.cpp(64,23): warning C4018: '<': signed/unsigned mismatch
C:\Users\Antl_M\Documents\GitHub\2_semester_Labs\Lab_3_Malibroda_2020\Lab_3a_Malibroda_2020\3a_menu.cpp(73,23): warning C4018: '<': signed/unsigned mismatch
C:\Users\Antl_M\Documents\GitHub\2_semester_Labs\Lab_3_Malibroda_2020\Lab_3a_Malibroda_2020\3a_menu.cpp(78,23): warning C4018: '<': signed/unsigned mismatch
C:\Users\Antl_M\Documents\GitHub\2_semester_Labs\Lab_3_Malibroda_2020\Lab_3a_Malibroda_2020\3a_menu.cpp(83,23): warning C4018: '<': signed/unsigned mismatch
C:\Users\Antl_M\Documents\GitHub\2_semester_Labs\Lab_3_Malibroda_2020\Lab_3a_Malibroda_2020\3a_menu.cpp(88,23): warning C4018: '<': signed/unsigned mismatch
C:\Users\Antl_M\Documents\GitHub\2_semester_Labs\Lab_3_Malibroda_2020\Lab_3a_Malibroda_2020\3a_menu.cpp(93,23): warning C4018: '<': signed/unsigned mismatch
C:\Users\Antl_M\Documents\GitHub\2_semester_Labs\Lab_3_Malibroda_2020\Lab_3a_Malibroda_2020\3a_menu.cpp(98,23): warning C4018: '<': signed/unsigned mismatch
C:\Users\Antl_M\Documents\GitHub\2_semester_Labs\Lab_3_Malibroda_2020\Lab_3a_Malibroda_2020\3a_menu.cpp(225,90): warning C4244: '=': conversion from '_Rep' to 'size_t', possible loss of data
          with
          [
              _Rep=__int64
          ]
C:\Users\Antl_M\Documents\GitHub\2_semester_Labs\Lab_3_Malibroda_2020\Lab_3a_Malibroda_2020\Lab_3a.h(115,28): warning C4018: '<': signed/unsigned mismatch
C:\Users\Antl_M\Documents\GitHub\2_semester_Labs\Lab_3_Malibroda_2020\Lab_3a_Malibroda_2020\3a_menu.cpp(86): message : see reference to function template instantiation 'void merge_sort<std::string>(T *,size_t)' being compiled
          with
          [
              T=std::string
          ]
C:\Users\Antl_M\Documents\GitHub\2_semester_Labs\Lab_3_Malibroda_2020\Lab_3a_Malibroda_2020\Lab_3a.h(117,21): warning C4018: '<': signed/unsigned mismatch
C:\Users\Antl_M\Documents\GitHub\2_semester_Labs\Lab_3_Malibroda_2020\Lab_3a_Malibroda_2020\Lab_3a.h(125,14): warning C4018: '>': signed/unsigned mismatch
C:\Users\Antl_M\Documents\GitHub\2_semester_Labs\Lab_3_Malibroda_2020\Lab_3a_Malibroda_2020\Lab_3a.h(127,16): warning C4018: '>=': signed/unsigned mismatch
C:\Users\Antl_M\Documents\GitHub\2_semester_Labs\Lab_3_Malibroda_2020\Lab_3a_Malibroda_2020\Lab_3a.h(129,18): warning C4018: '<': signed/unsigned mismatch
C:\Users\Antl_M\Documents\GitHub\2_semester_Labs\Lab_3_Malibroda_2020\Lab_3a_Malibroda_2020\Lab_3a.h(140,21): warning C4018: '<': signed/unsigned mismatch
  my_menu.cpp
  Generating Code...
  Lab_3a_Malibroda_2020.vcxproj -> C:\Users\Antl_M\Documents\GitHub\2_semester_Labs\Lab_3_Malibroda_2020\Debug\Lab_3a_Malibroda_2020.exe
