C:\Program Files (x86)\Microsoft Visual Studio\2019\Community\MSBuild\Microsoft\VC\v160\Microsoft.CppBuild.targets(459,5): warning MSB8028: The intermediate directory (Debug\) contains files shared from another project (Lab_2_2020_Malibroda.vcxproj).  This can lead to incorrect clean and rebuild behavior.
  Array_list.cpp
C:\Users\Antl_M\Documents\GitHub\2_semester_Labs\Lab_2_2020_Malibroda\Lab_2_2020_Malibroda\Array_list.cpp(209,25): warning C4018: '<': signed/unsigned mismatch
  Fixed_arr.cpp
C:\Users\Antl_M\Documents\GitHub\2_semester_Labs\Lab_2_2020_Malibroda\Lab_2_2020_Malibroda\Fixed_arr.cpp(223,25): warning C4018: '<': signed/unsigned mismatch
  Lab_2a_2020_Malibroda.cpp
  Linked_list.cpp
C:\Users\Antl_M\Documents\GitHub\2_semester_Labs\Lab_2_2020_Malibroda\Lab_2_2020_Malibroda\Linked_list.cpp(209,25): warning C4018: '<': signed/unsigned mismatch
  Menu.cpp
C:\Users\Antl_M\Documents\GitHub\2_semester_Labs\Lab_2_2020_Malibroda\Lab_2_2020_Malibroda\Menu.cpp(386,87): warning C4244: '=': conversion from '_Rep' to 'int', possible loss of data
          with
          [
              _Rep=__int64
          ]
C:\Users\Antl_M\Documents\GitHub\2_semester_Labs\Lab_2_2020_Malibroda\Lab_2_2020_Malibroda\Menu.cpp(391,87): warning C4244: '=': conversion from '_Rep' to 'int', possible loss of data
          with
          [
              _Rep=__int64
          ]
C:\Users\Antl_M\Documents\GitHub\2_semester_Labs\Lab_2_2020_Malibroda\Lab_2_2020_Malibroda\Menu.cpp(396,86): warning C4244: '=': conversion from '_Rep' to 'int', possible loss of data
          with
          [
              _Rep=__int64
          ]
  Generating Code...
  Lab_2_2020_Malibroda.vcxproj -> C:\Users\Antl_M\Documents\GitHub\2_semester_Labs\Lab_2_2020_Malibroda\Debug\Lab_2a_2020_Malibroda.exe
